2025-11-10 14:55:02,425 - INFO - ================================================================================
2025-11-10 14:55:02,425 - INFO - üöÄ PHASE 3 - FINAL PRODUCTION IMPLEMENTATION
2025-11-10 14:55:02,425 - INFO -    Date: 2025-11-10 19:55:02 UTC
2025-11-10 14:55:02,425 - INFO -    User: ravitejavavilala07-source
2025-11-10 14:55:02,425 - INFO -    Month: MAY 2025
2025-11-10 14:55:02,425 - INFO - ================================================================================
2025-11-10 14:55:02,425 - INFO - 
[STEP 1/8] Loading files...
2025-11-10 14:55:16,285 - INFO -   ‚úÖ Pivot: 113,393
2025-11-10 14:55:16,285 - INFO -   ‚úÖ Accrual: 42
2025-11-10 14:55:16,285 - INFO -   ‚úÖ Billable: 2,637
2025-11-10 14:55:16,285 - INFO - 
[STEP 2/8] Data normalization & standardization...
2025-11-10 14:55:16,285 - INFO - 
üîß OBJECTIVE 3: DATA NORMALIZATION & STANDARDIZATION
2025-11-10 14:55:16,285 - INFO - ================================================================================
2025-11-10 14:55:16,302 - INFO - 
‚úÖ NORMALIZATION RESULTS:
2025-11-10 14:55:16,302 - INFO -    Applicant IDs Padded: 0
2025-11-10 14:55:16,302 - INFO -    Names Standardized: 0
2025-11-10 14:55:16,302 - INFO -    Vendors Normalized: 0
2025-11-10 14:55:16,302 - INFO -    Type Conversions: 0
2025-11-10 14:55:16,302 - INFO - ================================================================================
2025-11-10 14:55:16,307 - INFO - 
üîß OBJECTIVE 3: DATA NORMALIZATION & STANDARDIZATION
2025-11-10 14:55:16,307 - INFO - ================================================================================
2025-11-10 14:55:16,307 - INFO - 
‚úÖ NORMALIZATION RESULTS:
2025-11-10 14:55:16,307 - INFO -    Applicant IDs Padded: 0
2025-11-10 14:55:16,307 - INFO -    Names Standardized: 0
2025-11-10 14:55:16,307 - INFO -    Vendors Normalized: 0
2025-11-10 14:55:16,307 - INFO -    Type Conversions: 0
2025-11-10 14:55:16,307 - INFO - ================================================================================
2025-11-10 14:55:16,307 - INFO - 
üîß OBJECTIVE 3: DATA NORMALIZATION & STANDARDIZATION
2025-11-10 14:55:16,307 - INFO - ================================================================================
2025-11-10 14:55:16,308 - INFO - 
‚úÖ NORMALIZATION RESULTS:
2025-11-10 14:55:16,308 - INFO -    Applicant IDs Padded: 0
2025-11-10 14:55:16,308 - INFO -    Names Standardized: 0
2025-11-10 14:55:16,308 - INFO -    Vendors Normalized: 0
2025-11-10 14:55:16,308 - INFO -    Type Conversions: 0
2025-11-10 14:55:16,308 - INFO - ================================================================================
2025-11-10 14:55:16,308 - INFO - 
[STEP 3/8] QB memo extraction...
2025-11-10 14:55:16,308 - INFO - 
[STEP 4/8] Combining transaction sources...
2025-11-10 14:55:16,323 - INFO -   ‚úÖ Combined: 116,030
2025-11-10 14:55:16,323 - INFO - 
[STEP 5/8] Enhanced matching with normalized data...
2025-11-10 14:55:16,385 - INFO - 
üîÑ ENHANCED UNIFIED MATCHING (WITH NORMALIZED DATA)
2025-11-10 14:55:16,385 - INFO - ================================================================================
2025-11-10 14:55:16,409 - INFO - 
[1/5] Exact ID Match...
2025-11-10 14:55:19,270 - INFO -   ‚úÖ 0
2025-11-10 14:55:19,271 - ERROR - ‚ùå Phase 3 failed: 'hours_billed'
Traceback (most recent call last):
  File "/Users/ravitejavavilala/smartworks_accrual/subcontractor/venv/lib/python3.11/site-packages/pandas/core/indexes/base.py", line 3812, in get_loc
    return self._engine.get_loc(casted_key)
           ^^^^^^^^^^^^^^^^^^^^^^^^^^^^^^^^
  File "pandas/_libs/index.pyx", line 167, in pandas._libs.index.IndexEngine.get_loc
  File "pandas/_libs/index.pyx", line 196, in pandas._libs.index.IndexEngine.get_loc
  File "pandas/_libs/hashtable_class_helper.pxi", line 7088, in pandas._libs.hashtable.PyObjectHashTable.get_item
  File "pandas/_libs/hashtable_class_helper.pxi", line 7096, in pandas._libs.hashtable.PyObjectHashTable.get_item
KeyError: 'hours_billed'

The above exception was the direct cause of the following exception:

Traceback (most recent call last):
  File "/Users/ravitejavavilala/smartworks_accrual/subcontractor/scripts/phase3_production_final.py", line 509, in run
    matched = matcher.run_matching()
              ^^^^^^^^^^^^^^^^^^^^^^
  File "/Users/ravitejavavilala/smartworks_accrual/subcontractor/scripts/phase3_production_final.py", line 438, in run_matching
    result['hours_variance'] = result['hours_billed'].fillna(0) - result['hours_invoiced'].fillna(0)
                               ~~~~~~^^^^^^^^^^^^^^^^
  File "/Users/ravitejavavilala/smartworks_accrual/subcontractor/venv/lib/python3.11/site-packages/pandas/core/frame.py", line 4113, in __getitem__
    indexer = self.columns.get_loc(key)
              ^^^^^^^^^^^^^^^^^^^^^^^^^
  File "/Users/ravitejavavilala/smartworks_accrual/subcontractor/venv/lib/python3.11/site-packages/pandas/core/indexes/base.py", line 3819, in get_loc
    raise KeyError(key) from err
KeyError: 'hours_billed'
